[0.306s] DEBUG:colcon:Command line arguments: ['/usr/bin/colcon', 'build']
[0.307s] DEBUG:colcon:Parsed command line arguments: Namespace(log_base=None, log_level=None, verb_name='build', build_base='build', install_base='install', merge_install=False, symlink_install=False, test_result_base=None, continue_on_error=False, executor='parallel', parallel_workers=16, event_handlers=None, ignore_user_meta=False, metas=['./colcon.meta'], base_paths=['.'], packages_ignore=None, packages_ignore_regex=None, paths=None, packages_up_to=None, packages_up_to_regex=None, packages_above=None, packages_above_and_dependencies=None, packages_above_depth=None, packages_select_by_dep=None, packages_skip_by_dep=None, packages_skip_up_to=None, packages_select_build_failed=False, packages_skip_build_finished=False, packages_select_test_failures=False, packages_skip_test_passed=False, packages_select=None, packages_skip=None, packages_select_regex=None, packages_skip_regex=None, packages_start=None, packages_end=None, allow_overriding=[], cmake_args=None, cmake_target=None, cmake_target_skip_unavailable=False, cmake_clean_cache=False, cmake_clean_first=False, cmake_force_configure=False, ament_cmake_args=None, catkin_cmake_args=None, catkin_skip_building_tests=False, verb_parser=<colcon_defaults.argument_parser.defaults.DefaultArgumentsDecorator object at 0x7f94b8360160>, verb_extension=<colcon_core.verb.build.BuildVerb object at 0x7f94b832b820>, main=<bound method BuildVerb.main of <colcon_core.verb.build.BuildVerb object at 0x7f94b832b820>>)
[0.611s] Level 1:colcon.colcon_core.package_discovery:discover_packages(colcon_meta) check parameters
[0.611s] Level 1:colcon.colcon_core.package_discovery:discover_packages(recursive) check parameters
[0.611s] Level 1:colcon.colcon_core.package_discovery:discover_packages(ignore) check parameters
[0.611s] Level 1:colcon.colcon_core.package_discovery:discover_packages(path) check parameters
[0.611s] Level 1:colcon.colcon_core.package_discovery:discover_packages(colcon_meta) discover
[0.611s] Level 1:colcon.colcon_core.package_discovery:discover_packages(recursive) discover
[0.611s] INFO:colcon.colcon_core.package_discovery:Crawling recursively for packages in '/home/hax/world'
[0.611s] Level 1:colcon.colcon_core.package_identification:_identify(.) by extensions ['ignore', 'ignore_ament_install']
[0.611s] Level 1:colcon.colcon_core.package_identification:_identify(.) by extension 'ignore'
[0.612s] Level 1:colcon.colcon_core.package_identification:_identify(.) by extension 'ignore_ament_install'
[0.612s] Level 1:colcon.colcon_core.package_identification:_identify(.) by extensions ['colcon_pkg']
[0.612s] Level 1:colcon.colcon_core.package_identification:_identify(.) by extension 'colcon_pkg'
[0.612s] Level 1:colcon.colcon_core.package_identification:_identify(.) by extensions ['colcon_meta']
[0.612s] Level 1:colcon.colcon_core.package_identification:_identify(.) by extension 'colcon_meta'
[0.612s] Level 1:colcon.colcon_core.package_identification:_identify(.) by extensions ['ros']
[0.612s] Level 1:colcon.colcon_core.package_identification:_identify(.) by extension 'ros'
[0.628s] DEBUG:colcon.colcon_core.package_identification:Package '.' with type 'ros.ament_cmake' and name 'world'
[0.628s] Level 1:colcon.colcon_core.package_discovery:discover_packages(recursive) using defaults
[0.629s] Level 1:colcon.colcon_core.package_discovery:discover_packages(ignore) discover
[0.629s] Level 1:colcon.colcon_core.package_discovery:discover_packages(ignore) using defaults
[0.629s] Level 1:colcon.colcon_core.package_discovery:discover_packages(path) discover
[0.629s] Level 1:colcon.colcon_core.package_discovery:discover_packages(path) using defaults
[0.657s] Level 1:colcon.colcon_core.package_discovery:discover_packages(prefix_path) check parameters
[0.657s] Level 1:colcon.colcon_core.package_discovery:discover_packages(prefix_path) discover
[0.661s] DEBUG:colcon.colcon_installed_package_information.package_discovery:Found 1 installed packages in /home/hax/world/install
[0.663s] DEBUG:colcon.colcon_installed_package_information.package_discovery:Found 443 installed packages in /opt/ros/humble
[0.671s] Level 1:colcon.colcon_core.package_discovery:discover_packages(prefix_path) using defaults
[0.785s] Level 5:colcon.colcon_core.verb:set package 'world' build argument 'cmake_args' from command line to 'None'
[0.785s] Level 5:colcon.colcon_core.verb:set package 'world' build argument 'cmake_target' from command line to 'None'
[0.785s] Level 5:colcon.colcon_core.verb:set package 'world' build argument 'cmake_target_skip_unavailable' from command line to 'False'
[0.785s] Level 5:colcon.colcon_core.verb:set package 'world' build argument 'cmake_clean_cache' from command line to 'False'
[0.785s] Level 5:colcon.colcon_core.verb:set package 'world' build argument 'cmake_clean_first' from command line to 'False'
[0.785s] Level 5:colcon.colcon_core.verb:set package 'world' build argument 'cmake_force_configure' from command line to 'False'
[0.785s] Level 5:colcon.colcon_core.verb:set package 'world' build argument 'ament_cmake_args' from command line to 'None'
[0.785s] Level 5:colcon.colcon_core.verb:set package 'world' build argument 'catkin_cmake_args' from command line to 'None'
[0.785s] Level 5:colcon.colcon_core.verb:set package 'world' build argument 'catkin_skip_building_tests' from command line to 'False'
[0.785s] DEBUG:colcon.colcon_core.verb:Building package 'world' with the following arguments: {'ament_cmake_args': None, 'build_base': '/home/hax/world/build/world', 'catkin_cmake_args': None, 'catkin_skip_building_tests': False, 'cmake_args': None, 'cmake_clean_cache': False, 'cmake_clean_first': False, 'cmake_force_configure': False, 'cmake_target': None, 'cmake_target_skip_unavailable': False, 'install_base': '/home/hax/world/install/world', 'merge_install': False, 'path': '/home/hax/world', 'symlink_install': False, 'test_result_base': None}
[0.785s] INFO:colcon.colcon_core.executor:Executing jobs using 'parallel' executor
[0.786s] DEBUG:colcon.colcon_parallel_executor.executor.parallel:run_until_complete
[0.786s] INFO:colcon.colcon_ros.task.ament_cmake.build:Building ROS package in '/home/hax/world' with build type 'ament_cmake'
[0.787s] INFO:colcon.colcon_cmake.task.cmake.build:Building CMake package in '/home/hax/world'
[0.791s] INFO:colcon.colcon_core.plugin_system:Skipping extension 'colcon_core.shell.bat': Not used on non-Windows systems
[0.792s] INFO:colcon.colcon_core.shell:Skip shell extension 'powershell' for command environment: Not usable outside of PowerShell
[0.792s] DEBUG:colcon.colcon_core.shell:Skip shell extension 'dsv' for command environment
[0.800s] DEBUG:colcon.colcon_core.event_handler.log_command:Invoking command in '/home/hax/world/build/world': CMAKE_PREFIX_PATH=${CMAKE_PREFIX_PATH}:/opt/ros/humble /usr/bin/cmake /home/hax/world -DCMAKE_INSTALL_PREFIX=/home/hax/world/install/world
[11.311s] DEBUG:colcon.colcon_core.event_handler.log_command:Invoked command in '/home/hax/world/build/world' returned '0': CMAKE_PREFIX_PATH=${CMAKE_PREFIX_PATH}:/opt/ros/humble /usr/bin/cmake /home/hax/world -DCMAKE_INSTALL_PREFIX=/home/hax/world/install/world
[11.311s] DEBUG:colcon.colcon_core.event_handler.log_command:Invoking command in '/home/hax/world/build/world': CMAKE_PREFIX_PATH=${CMAKE_PREFIX_PATH}:/opt/ros/humble /usr/bin/cmake --build /home/hax/world/build/world -- -j16 -l16
[15.078s] DEBUG:colcon.colcon_core.event_handler.log_command:Invoked command in '/home/hax/world/build/world' returned '0': CMAKE_PREFIX_PATH=${CMAKE_PREFIX_PATH}:/opt/ros/humble /usr/bin/cmake --build /home/hax/world/build/world -- -j16 -l16
[15.084s] DEBUG:colcon.colcon_core.event_handler.log_command:Invoking command in '/home/hax/world/build/world': CMAKE_PREFIX_PATH=${CMAKE_PREFIX_PATH}:/opt/ros/humble /usr/bin/cmake --install /home/hax/world/build/world
[15.099s] Level 1:colcon.colcon_core.environment:create_environment_scripts_only(world)
[15.099s] DEBUG:colcon.colcon_core.event_handler.log_command:Invoked command in '/home/hax/world/build/world' returned '0': CMAKE_PREFIX_PATH=${CMAKE_PREFIX_PATH}:/opt/ros/humble /usr/bin/cmake --install /home/hax/world/build/world
[15.105s] Level 1:colcon.colcon_core.environment:checking '/home/hax/world/install/world' for CMake module files
[15.105s] Level 1:colcon.colcon_core.environment:checking '/home/hax/world/install/world' for CMake config files
[15.106s] Level 1:colcon.colcon_core.shell:create_environment_hook('world', 'cmake_prefix_path')
[15.106s] INFO:colcon.colcon_core.shell:Creating environment hook '/home/hax/world/install/world/share/world/hook/cmake_prefix_path.ps1'
[15.106s] INFO:colcon.colcon_core.shell:Creating environment descriptor '/home/hax/world/install/world/share/world/hook/cmake_prefix_path.dsv'
[15.107s] INFO:colcon.colcon_core.shell:Creating environment hook '/home/hax/world/install/world/share/world/hook/cmake_prefix_path.sh'
[15.108s] Level 1:colcon.colcon_core.environment:checking '/home/hax/world/install/world/lib'
[15.108s] Level 1:colcon.colcon_core.environment:checking '/home/hax/world/install/world/bin'
[15.108s] Level 1:colcon.colcon_core.environment:checking '/home/hax/world/install/world/lib/pkgconfig/world.pc'
[15.109s] Level 1:colcon.colcon_core.environment:checking '/home/hax/world/install/world/lib/python3.10/site-packages'
[15.109s] Level 1:colcon.colcon_core.environment:checking '/home/hax/world/install/world/bin'
[15.109s] INFO:colcon.colcon_core.shell:Creating package script '/home/hax/world/install/world/share/world/package.ps1'
[15.110s] INFO:colcon.colcon_core.shell:Creating package descriptor '/home/hax/world/install/world/share/world/package.dsv'
[15.111s] INFO:colcon.colcon_core.shell:Creating package script '/home/hax/world/install/world/share/world/package.sh'
[15.112s] INFO:colcon.colcon_core.shell:Creating package script '/home/hax/world/install/world/share/world/package.bash'
[15.112s] INFO:colcon.colcon_core.shell:Creating package script '/home/hax/world/install/world/share/world/package.zsh'
[15.113s] Level 1:colcon.colcon_core.environment:create_file_with_runtime_dependencies(/home/hax/world/install/world/share/colcon-core/packages/world)
[15.113s] Level 1:colcon.colcon_core.environment:create_environment_scripts_only(world)
[15.113s] Level 1:colcon.colcon_core.environment:checking '/home/hax/world/install/world' for CMake module files
[15.114s] Level 1:colcon.colcon_core.environment:checking '/home/hax/world/install/world' for CMake config files
[15.114s] Level 1:colcon.colcon_core.shell:create_environment_hook('world', 'cmake_prefix_path')
[15.114s] INFO:colcon.colcon_core.shell:Creating environment hook '/home/hax/world/install/world/share/world/hook/cmake_prefix_path.ps1'
[15.114s] INFO:colcon.colcon_core.shell:Creating environment descriptor '/home/hax/world/install/world/share/world/hook/cmake_prefix_path.dsv'
[15.115s] INFO:colcon.colcon_core.shell:Creating environment hook '/home/hax/world/install/world/share/world/hook/cmake_prefix_path.sh'
[15.115s] Level 1:colcon.colcon_core.environment:checking '/home/hax/world/install/world/lib'
[15.115s] Level 1:colcon.colcon_core.environment:checking '/home/hax/world/install/world/bin'
[15.115s] Level 1:colcon.colcon_core.environment:checking '/home/hax/world/install/world/lib/pkgconfig/world.pc'
[15.115s] Level 1:colcon.colcon_core.environment:checking '/home/hax/world/install/world/lib/python3.10/site-packages'
[15.116s] Level 1:colcon.colcon_core.environment:checking '/home/hax/world/install/world/bin'
[15.116s] INFO:colcon.colcon_core.shell:Creating package script '/home/hax/world/install/world/share/world/package.ps1'
[15.116s] INFO:colcon.colcon_core.shell:Creating package descriptor '/home/hax/world/install/world/share/world/package.dsv'
[15.116s] INFO:colcon.colcon_core.shell:Creating package script '/home/hax/world/install/world/share/world/package.sh'
[15.117s] INFO:colcon.colcon_core.shell:Creating package script '/home/hax/world/install/world/share/world/package.bash'
[15.117s] INFO:colcon.colcon_core.shell:Creating package script '/home/hax/world/install/world/share/world/package.zsh'
[15.117s] Level 1:colcon.colcon_core.environment:create_file_with_runtime_dependencies(/home/hax/world/install/world/share/colcon-core/packages/world)
[15.118s] DEBUG:colcon.colcon_parallel_executor.executor.parallel:closing loop
[15.118s] DEBUG:colcon.colcon_parallel_executor.executor.parallel:loop closed
[15.118s] DEBUG:colcon.colcon_parallel_executor.executor.parallel:run_until_complete finished with '0'
[15.118s] DEBUG:colcon.colcon_core.event_reactor:joining thread
[15.185s] INFO:colcon.colcon_core.plugin_system:Skipping extension 'colcon_notification.desktop_notification.notify_send': Could not find 'notify-send'
[15.185s] INFO:colcon.colcon_core.plugin_system:Skipping extension 'colcon_notification.desktop_notification.terminal_notifier': Not used on non-Darwin systems
[15.185s] INFO:colcon.colcon_core.plugin_system:Skipping extension 'colcon_notification.desktop_notification.win32': Not used on non-Windows systems
[15.185s] INFO:colcon.colcon_notification.desktop_notification:Sending desktop notification using 'notify2'
[15.186s] DEBUG:colcon.colcon_notification.desktop_notification.notify2:Failed to initialize notify2: org.freedesktop.DBus.Error.ServiceUnknown: The name org.freedesktop.Notifications was not provided by any .service files
[15.186s] DEBUG:colcon.colcon_core.event_reactor:joined thread
[15.187s] INFO:colcon.colcon_core.shell:Creating prefix script '/home/hax/world/install/local_setup.ps1'
[15.188s] INFO:colcon.colcon_core.shell:Creating prefix util module '/home/hax/world/install/_local_setup_util_ps1.py'
[15.189s] INFO:colcon.colcon_core.shell:Creating prefix chain script '/home/hax/world/install/setup.ps1'
[15.190s] INFO:colcon.colcon_core.shell:Creating prefix script '/home/hax/world/install/local_setup.sh'
[15.190s] INFO:colcon.colcon_core.shell:Creating prefix util module '/home/hax/world/install/_local_setup_util_sh.py'
[15.191s] INFO:colcon.colcon_core.shell:Creating prefix chain script '/home/hax/world/install/setup.sh'
[15.192s] INFO:colcon.colcon_core.shell:Creating prefix script '/home/hax/world/install/local_setup.bash'
[15.192s] INFO:colcon.colcon_core.shell:Creating prefix chain script '/home/hax/world/install/setup.bash'
[15.193s] INFO:colcon.colcon_core.shell:Creating prefix script '/home/hax/world/install/local_setup.zsh'
[15.194s] INFO:colcon.colcon_core.shell:Creating prefix chain script '/home/hax/world/install/setup.zsh'
