[35m[1mConsolidate compiler generated dependencies of target imu_publisher[0m
[35m[1mConsolidate compiler generated dependencies of target keyboard_teleop[0m
[35m[1mConsolidate compiler generated dependencies of target odom_publisher[0m
[ 16%] [32mBuilding CXX object CMakeFiles/keyboard_teleop.dir/src/keyboard_teleop.cpp.o[0m
[ 50%] Built target odom_publisher
[ 66%] [32mBuilding CXX object CMakeFiles/imu_publisher.dir/src/imu_publisher.cpp.o[0m
[100%] [32m[1mLinking CXX executable keyboard_teleop[0m
[100%] [32m[1mLinking CXX executable imu_publisher[0m
[100%] Built target keyboard_teleop
[100%] Built target imu_publisher
-- Install configuration: ""
-- Execute custom install script
-- Up-to-date symlink: /home/hax/world/install/world/lib/world/odom_publisher
-- Up-to-date symlink: /home/hax/world/install/world/lib/world/imu_publisher
-- Up-to-date symlink: /home/hax/world/install/world/lib/world/keyboard_teleop
-- Up-to-date symlink: /home/hax/world/install/world/share/ament_index/resource_index/package_run_dependencies/world
-- Up-to-date symlink: /home/hax/world/install/world/share/ament_index/resource_index/parent_prefix_path/world
-- Up-to-date symlink: /home/hax/world/install/world/share/world/environment/ament_prefix_path.sh
-- Up-to-date symlink: /home/hax/world/install/world/share/world/environment/ament_prefix_path.dsv
-- Up-to-date symlink: /home/hax/world/install/world/share/world/environment/path.sh
-- Up-to-date symlink: /home/hax/world/install/world/share/world/environment/path.dsv
-- Up-to-date symlink: /home/hax/world/install/world/share/world/local_setup.bash
-- Up-to-date symlink: /home/hax/world/install/world/share/world/local_setup.sh
-- Up-to-date symlink: /home/hax/world/install/world/share/world/local_setup.zsh
-- Up-to-date symlink: /home/hax/world/install/world/share/world/local_setup.dsv
-- Symlinking: /home/hax/world/install/world/share/world/package.dsv
-- Up-to-date symlink: /home/hax/world/install/world/share/ament_index/resource_index/packages/world
-- Up-to-date symlink: /home/hax/world/install/world/share/world/cmake/worldConfig.cmake
-- Up-to-date symlink: /home/hax/world/install/world/share/world/cmake/worldConfig-version.cmake
-- Up-to-date symlink: /home/hax/world/install/world/share/world/package.xml
