[35m[1mConsolidate compiler generated dependencies of target imu_publisher[0m
[35m[1mConsolidate compiler generated dependencies of target keyboard_teleop[0m
[35m[1mConsolidate compiler generated dependencies of target odom_publisher[0m
[ 16%] [32mBuilding CXX object CMakeFiles/keyboard_teleop.dir/src/keyboard_teleop.cpp.o[0m
[ 50%] Built target odom_publisher
[ 66%] [32mBuilding CXX object CMakeFiles/imu_publisher.dir/src/imu_publisher.cpp.o[0m
In file included from [01m[K/opt/ros/humble/include/rclcpp/rclcpp/logging.hpp:24[m[K,
                 from [01m[K/opt/ros/humble/include/rclcpp/rclcpp/client.hpp:40[m[K,
                 from [01m[K/opt/ros/humble/include/rclcpp/rclcpp/callback_group.hpp:24[m[K,
                 from [01m[K/opt/ros/humble/include/rclcpp/rclcpp/any_executable.hpp:20[m[K,
                 from [01m[K/opt/ros/humble/include/rclcpp/rclcpp/memory_strategy.hpp:25[m[K,
                 from [01m[K/opt/ros/humble/include/rclcpp/rclcpp/memory_strategies.hpp:18[m[K,
                 from [01m[K/opt/ros/humble/include/rclcpp/rclcpp/executor_options.hpp:20[m[K,
                 from [01m[K/opt/ros/humble/include/rclcpp/rclcpp/executor.hpp:37[m[K,
                 from [01m[K/opt/ros/humble/include/rclcpp/rclcpp/executors/multi_threaded_executor.hpp:25[m[K,
                 from [01m[K/opt/ros/humble/include/rclcpp/rclcpp/executors.hpp:21[m[K,
                 from [01m[K/opt/ros/humble/include/rclcpp/rclcpp/rclcpp.hpp:155[m[K,
                 from [01m[K/home/hax/world/src/keyboard_teleop.cpp:1[m[K:
[01m[K/home/hax/world/src/keyboard_teleop.cpp:[m[K In member function ‘[01m[Kvoid TeleopKeyboard::print_usage()[m[K’:
[01m[K/home/hax/world/src/keyboard_teleop.cpp:175:49:[m[K [01;35m[Kwarning: [m[Kzero-length gnu_printf format string [[01;35m[K]8;;https://gcc.gnu.org/onlinedocs/gcc/Warning-Options.html#index-Wformat-zero-length-Wformat-zero-length]8;;[m[K]
  175 |                 RCLCPP_INFO(this->get_logger(), [01;35m[K""[m[K);
      |                                                 [01;35m[K^~[m[K
[01m[K/home/hax/world/src/keyboard_teleop.cpp:191:49:[m[K [01;35m[Kwarning: [m[Kzero-length gnu_printf format string [[01;35m[K]8;;https://gcc.gnu.org/onlinedocs/gcc/Warning-Options.html#index-Wformat-zero-length-Wformat-zero-length]8;;[m[K]
  191 |                 RCLCPP_INFO(this->get_logger(), [01;35m[K""[m[K);
      |                                                 [01;35m[K^~[m[K
[100%] [32m[1mLinking CXX executable keyboard_teleop[0m
[100%] [32m[1mLinking CXX executable imu_publisher[0m
[100%] Built target keyboard_teleop
[100%] Built target imu_publisher
-- Install configuration: ""
-- Execute custom install script
-- Up-to-date symlink: /home/hax/world/install/world/lib/world/odom_publisher
-- Up-to-date symlink: /home/hax/world/install/world/lib/world/imu_publisher
-- Up-to-date symlink: /home/hax/world/install/world/lib/world/keyboard_teleop
-- Up-to-date symlink: /home/hax/world/install/world/share/ament_index/resource_index/package_run_dependencies/world
-- Up-to-date symlink: /home/hax/world/install/world/share/ament_index/resource_index/parent_prefix_path/world
-- Up-to-date symlink: /home/hax/world/install/world/share/world/environment/ament_prefix_path.sh
-- Up-to-date symlink: /home/hax/world/install/world/share/world/environment/ament_prefix_path.dsv
-- Up-to-date symlink: /home/hax/world/install/world/share/world/environment/path.sh
-- Up-to-date symlink: /home/hax/world/install/world/share/world/environment/path.dsv
-- Up-to-date symlink: /home/hax/world/install/world/share/world/local_setup.bash
-- Up-to-date symlink: /home/hax/world/install/world/share/world/local_setup.sh
-- Up-to-date symlink: /home/hax/world/install/world/share/world/local_setup.zsh
-- Up-to-date symlink: /home/hax/world/install/world/share/world/local_setup.dsv
-- Symlinking: /home/hax/world/install/world/share/world/package.dsv
-- Up-to-date symlink: /home/hax/world/install/world/share/ament_index/resource_index/packages/world
-- Up-to-date symlink: /home/hax/world/install/world/share/world/cmake/worldConfig.cmake
-- Up-to-date symlink: /home/hax/world/install/world/share/world/cmake/worldConfig-version.cmake
-- Up-to-date symlink: /home/hax/world/install/world/share/world/package.xml
