-- Found ament_cmake: 1.3.12 (/opt/ros/humble/share/ament_cmake/cmake)
-- Override CMake install command with custom implementation using symlinks instead of copying resources
-- Found rclcpp: 16.0.17 (/opt/ros/humble/share/rclcpp/cmake)
-- Found rosidl_generator_c: 3.1.8 (/opt/ros/humble/share/rosidl_generator_c/cmake)
-- Found rosidl_adapter: 3.1.8 (/opt/ros/humble/share/rosidl_adapter/cmake)
-- Found rosidl_generator_cpp: 3.1.8 (/opt/ros/humble/share/rosidl_generator_cpp/cmake)
-- Using all available rosidl_typesupport_c: rosidl_typesupport_fastrtps_c;rosidl_typesupport_introspection_c
-- Using all available rosidl_typesupport_cpp: rosidl_typesupport_fastrtps_cpp;rosidl_typesupport_introspection_cpp
-- Found rmw_implementation_cmake: 6.1.2 (/opt/ros/humble/share/rmw_implementation_cmake/cmake)
-- Found rmw_fastrtps_cpp: 6.2.9 (/opt/ros/humble/share/rmw_fastrtps_cpp/cmake)
-- Using RMW implementation 'rmw_fastrtps_cpp' as default
-- Found geometry_msgs: 4.9.0 (/opt/ros/humble/share/geometry_msgs/cmake)
-- Found nav_msgs: 4.9.0 (/opt/ros/humble/share/nav_msgs/cmake)
-- Found sensor_msgs: 4.9.0 (/opt/ros/humble/share/sensor_msgs/cmake)
-- Found tf2: 0.25.18 (/opt/ros/humble/share/tf2/cmake)
-- Found tf2_ros: 0.25.18 (/opt/ros/humble/share/tf2_ros/cmake)
-- Configuring done
-- Generating done
-- Build files have been written to: /home/hax/world/build/world
[35m[1mConsolidate compiler generated dependencies of target odom_publisher[0m
[35m[1mConsolidate compiler generated dependencies of target keyboard_teleop[0m
[35m[1mConsolidate compiler generated dependencies of target imu_publisher[0m
[ 33%] Built target odom_publisher
[ 50%] [32mBuilding CXX object CMakeFiles/imu_publisher.dir/src/imu_publisher.cpp.o[0m
[ 83%] Built target keyboard_teleop
[100%] [32m[1mLinking CXX executable imu_publisher[0m
[100%] Built target imu_publisher
-- Install configuration: ""
-- Execute custom install script
-- Up-to-date symlink: /home/hax/world/install/world/lib/world/odom_publisher
-- Up-to-date symlink: /home/hax/world/install/world/lib/world/imu_publisher
-- Up-to-date symlink: /home/hax/world/install/world/lib/world/keyboard_teleop
-- Up-to-date symlink: /home/hax/world/install/world/share/ament_index/resource_index/package_run_dependencies/world
-- Up-to-date symlink: /home/hax/world/install/world/share/ament_index/resource_index/parent_prefix_path/world
-- Up-to-date symlink: /home/hax/world/install/world/share/world/environment/ament_prefix_path.sh
-- Up-to-date symlink: /home/hax/world/install/world/share/world/environment/ament_prefix_path.dsv
-- Up-to-date symlink: /home/hax/world/install/world/share/world/environment/path.sh
-- Up-to-date symlink: /home/hax/world/install/world/share/world/environment/path.dsv
-- Up-to-date symlink: /home/hax/world/install/world/share/world/local_setup.bash
-- Up-to-date symlink: /home/hax/world/install/world/share/world/local_setup.sh
-- Up-to-date symlink: /home/hax/world/install/world/share/world/local_setup.zsh
-- Up-to-date symlink: /home/hax/world/install/world/share/world/local_setup.dsv
-- Symlinking: /home/hax/world/install/world/share/world/package.dsv
-- Up-to-date symlink: /home/hax/world/install/world/share/ament_index/resource_index/packages/world
-- Up-to-date symlink: /home/hax/world/install/world/share/world/cmake/worldConfig.cmake
-- Up-to-date symlink: /home/hax/world/install/world/share/world/cmake/worldConfig-version.cmake
-- Up-to-date symlink: /home/hax/world/install/world/share/world/package.xml
