[0.013s] Invoking command in '/home/hax/world/build/world': CMAKE_PREFIX_PATH=${CMAKE_PREFIX_PATH}:/opt/ros/humble /usr/bin/cmake /home/hax/world -DCMAKE_INSTALL_PREFIX=/home/hax/world/install/world
[0.065s] -- Found ament_cmake: 1.3.12 (/opt/ros/humble/share/ament_cmake/cmake)
[0.168s] -- Override CMake install command with custom implementation using symlinks instead of copying resources
[0.184s] -- Found rclcpp: 16.0.17 (/opt/ros/humble/share/rclcpp/cmake)
[0.482s] -- Found rosidl_generator_c: 3.1.8 (/opt/ros/humble/share/rosidl_generator_c/cmake)
[0.484s] -- Found rosidl_adapter: 3.1.8 (/opt/ros/humble/share/rosidl_adapter/cmake)
[0.492s] -- Found rosidl_generator_cpp: 3.1.8 (/opt/ros/humble/share/rosidl_generator_cpp/cmake)
[0.503s] -- Using all available rosidl_typesupport_c: rosidl_typesupport_fastrtps_c;rosidl_typesupport_introspection_c
[0.516s] -- Using all available rosidl_typesupport_cpp: rosidl_typesupport_fastrtps_cpp;rosidl_typesupport_introspection_cpp
[0.555s] -- Found rmw_implementation_cmake: 6.1.2 (/opt/ros/humble/share/rmw_implementation_cmake/cmake)
[0.558s] -- Found rmw_fastrtps_cpp: 6.2.9 (/opt/ros/humble/share/rmw_fastrtps_cpp/cmake)
[10.255s] -- Using RMW implementation 'rmw_fastrtps_cpp' as default
[10.307s] -- Found geometry_msgs: 4.9.0 (/opt/ros/humble/share/geometry_msgs/cmake)
[10.319s] -- Found nav_msgs: 4.9.0 (/opt/ros/humble/share/nav_msgs/cmake)
[10.335s] -- Found sensor_msgs: 4.9.0 (/opt/ros/humble/share/sensor_msgs/cmake)
[10.352s] -- Found tf2: 0.25.18 (/opt/ros/humble/share/tf2/cmake)
[10.357s] -- Found tf2_ros: 0.25.18 (/opt/ros/humble/share/tf2_ros/cmake)
[10.488s] -- Configuring done
[10.509s] -- Generating done
[10.515s] -- Build files have been written to: /home/hax/world/build/world
[10.527s] Invoked command in '/home/hax/world/build/world' returned '0': CMAKE_PREFIX_PATH=${CMAKE_PREFIX_PATH}:/opt/ros/humble /usr/bin/cmake /home/hax/world -DCMAKE_INSTALL_PREFIX=/home/hax/world/install/world
[10.529s] Invoking command in '/home/hax/world/build/world': CMAKE_PREFIX_PATH=${CMAKE_PREFIX_PATH}:/opt/ros/humble /usr/bin/cmake --build /home/hax/world/build/world -- -j16 -l16
[10.552s] [35m[1mConsolidate compiler generated dependencies of target odom_publisher[0m
[10.552s] [35m[1mConsolidate compiler generated dependencies of target keyboard_teleop[0m
[10.552s] [35m[1mConsolidate compiler generated dependencies of target imu_publisher[0m
[10.563s] [ 33%] Built target odom_publisher
[10.563s] [ 50%] [32mBuilding CXX object CMakeFiles/imu_publisher.dir/src/imu_publisher.cpp.o[0m
[10.563s] [ 83%] Built target keyboard_teleop
[13.846s] [100%] [32m[1mLinking CXX executable imu_publisher[0m
[14.227s] [100%] Built target imu_publisher
[14.233s] Invoked command in '/home/hax/world/build/world' returned '0': CMAKE_PREFIX_PATH=${CMAKE_PREFIX_PATH}:/opt/ros/humble /usr/bin/cmake --build /home/hax/world/build/world -- -j16 -l16
[14.239s] Invoking command in '/home/hax/world/build/world': CMAKE_PREFIX_PATH=${CMAKE_PREFIX_PATH}:/opt/ros/humble /usr/bin/cmake --install /home/hax/world/build/world
[14.242s] -- Install configuration: ""
[14.243s] -- Execute custom install script
[14.243s] -- Up-to-date symlink: /home/hax/world/install/world/lib/world/odom_publisher
[14.243s] -- Up-to-date symlink: /home/hax/world/install/world/lib/world/imu_publisher
[14.243s] -- Up-to-date symlink: /home/hax/world/install/world/lib/world/keyboard_teleop
[14.243s] -- Up-to-date symlink: /home/hax/world/install/world/share/ament_index/resource_index/package_run_dependencies/world
[14.243s] -- Up-to-date symlink: /home/hax/world/install/world/share/ament_index/resource_index/parent_prefix_path/world
[14.244s] -- Up-to-date symlink: /home/hax/world/install/world/share/world/environment/ament_prefix_path.sh
[14.244s] -- Up-to-date symlink: /home/hax/world/install/world/share/world/environment/ament_prefix_path.dsv
[14.245s] -- Up-to-date symlink: /home/hax/world/install/world/share/world/environment/path.sh
[14.245s] -- Up-to-date symlink: /home/hax/world/install/world/share/world/environment/path.dsv
[14.245s] -- Up-to-date symlink: /home/hax/world/install/world/share/world/local_setup.bash
[14.246s] -- Up-to-date symlink: /home/hax/world/install/world/share/world/local_setup.sh
[14.246s] -- Up-to-date symlink: /home/hax/world/install/world/share/world/local_setup.zsh
[14.246s] -- Up-to-date symlink: /home/hax/world/install/world/share/world/local_setup.dsv
[14.246s] -- Symlinking: /home/hax/world/install/world/share/world/package.dsv
[14.252s] -- Up-to-date symlink: /home/hax/world/install/world/share/ament_index/resource_index/packages/world
[14.252s] -- Up-to-date symlink: /home/hax/world/install/world/share/world/cmake/worldConfig.cmake
[14.253s] -- Up-to-date symlink: /home/hax/world/install/world/share/world/cmake/worldConfig-version.cmake
[14.253s] -- Up-to-date symlink: /home/hax/world/install/world/share/world/package.xml
[14.255s] Invoked command in '/home/hax/world/build/world' returned '0': CMAKE_PREFIX_PATH=${CMAKE_PREFIX_PATH}:/opt/ros/humble /usr/bin/cmake --install /home/hax/world/build/world
