-- Found ament_cmake: 1.3.12 (/opt/ros/humble/share/ament_cmake/cmake)
-- Override CMake install command with custom implementation using symlinks instead of copying resources
-- Found rclcpp: 16.0.17 (/opt/ros/humble/share/rclcpp/cmake)
-- Found rosidl_generator_c: 3.1.8 (/opt/ros/humble/share/rosidl_generator_c/cmake)
-- Found rosidl_adapter: 3.1.8 (/opt/ros/humble/share/rosidl_adapter/cmake)
-- Found rosidl_generator_cpp: 3.1.8 (/opt/ros/humble/share/rosidl_generator_cpp/cmake)
-- Using all available rosidl_typesupport_c: rosidl_typesupport_fastrtps_c;rosidl_typesupport_introspection_c
-- Using all available rosidl_typesupport_cpp: rosidl_typesupport_fastrtps_cpp;rosidl_typesupport_introspection_cpp
-- Found rmw_implementation_cmake: 6.1.2 (/opt/ros/humble/share/rmw_implementation_cmake/cmake)
-- Found rmw_fastrtps_cpp: 6.2.9 (/opt/ros/humble/share/rmw_fastrtps_cpp/cmake)
-- Using RMW implementation 'rmw_fastrtps_cpp' as default
-- Found geometry_msgs: 4.9.0 (/opt/ros/humble/share/geometry_msgs/cmake)
-- Found nav_msgs: 4.9.0 (/opt/ros/humble/share/nav_msgs/cmake)
-- Found sensor_msgs: 4.9.0 (/opt/ros/humble/share/sensor_msgs/cmake)
-- Found tf2: 0.25.18 (/opt/ros/humble/share/tf2/cmake)
-- Found tf2_ros: 0.25.18 (/opt/ros/humble/share/tf2_ros/cmake)
-- Configuring done
-- Generating done
-- Build files have been written to: /home/hax/world/build/world
-- Found ament_cmake: 1.3.12 (/opt/ros/humble/share/ament_cmake/cmake)
-- Override CMake install command with custom implementation using symlinks instead of copying resources
-- Found rclcpp: 16.0.17 (/opt/ros/humble/share/rclcpp/cmake)
-- Found rosidl_generator_c: 3.1.8 (/opt/ros/humble/share/rosidl_generator_c/cmake)
-- Found rosidl_adapter: 3.1.8 (/opt/ros/humble/share/rosidl_adapter/cmake)
-- Found rosidl_generator_cpp: 3.1.8 (/opt/ros/humble/share/rosidl_generator_cpp/cmake)
-- Using all available rosidl_typesupport_c: rosidl_typesupport_fastrtps_c;rosidl_typesupport_introspection_c
-- Using all available rosidl_typesupport_cpp: rosidl_typesupport_fastrtps_cpp;rosidl_typesupport_introspection_cpp
-- Found rmw_implementation_cmake: 6.1.2 (/opt/ros/humble/share/rmw_implementation_cmake/cmake)
-- Found rmw_fastrtps_cpp: 6.2.9 (/opt/ros/humble/share/rmw_fastrtps_cpp/cmake)
-- Using RMW implementation 'rmw_fastrtps_cpp' as default
-- Found geometry_msgs: 4.9.0 (/opt/ros/humble/share/geometry_msgs/cmake)
-- Found nav_msgs: 4.9.0 (/opt/ros/humble/share/nav_msgs/cmake)
-- Found sensor_msgs: 4.9.0 (/opt/ros/humble/share/sensor_msgs/cmake)
-- Found tf2: 0.25.18 (/opt/ros/humble/share/tf2/cmake)
-- Found tf2_ros: 0.25.18 (/opt/ros/humble/share/tf2_ros/cmake)
-- Configuring done
-- Generating done
-- Build files have been written to: /home/hax/world/build/world
[35m[1mConsolidate compiler generated dependencies of target keyboard_teleop[0m
[35m[1mConsolidate compiler generated dependencies of target odom_publisher[0m
[35m[1mConsolidate compiler generated dependencies of target imu_publisher[0m
[ 16%] [32mBuilding CXX object CMakeFiles/keyboard_teleop.dir/src/keyboard_teleop.cpp.o[0m
[ 33%] [32m[1mLinking CXX executable odom_publisher[0m
[ 50%] [32m[1mLinking CXX executable imu_publisher[0m
[ 66%] Built target imu_publisher
[ 83%] Built target odom_publisher
In file included from [01m[K/opt/ros/humble/include/rclcpp/rclcpp/logging.hpp:24[m[K,
                 from [01m[K/opt/ros/humble/include/rclcpp/rclcpp/client.hpp:40[m[K,
                 from [01m[K/opt/ros/humble/include/rclcpp/rclcpp/callback_group.hpp:24[m[K,
                 from [01m[K/opt/ros/humble/include/rclcpp/rclcpp/any_executable.hpp:20[m[K,
                 from [01m[K/opt/ros/humble/include/rclcpp/rclcpp/memory_strategy.hpp:25[m[K,
                 from [01m[K/opt/ros/humble/include/rclcpp/rclcpp/memory_strategies.hpp:18[m[K,
                 from [01m[K/opt/ros/humble/include/rclcpp/rclcpp/executor_options.hpp:20[m[K,
                 from [01m[K/opt/ros/humble/include/rclcpp/rclcpp/executor.hpp:37[m[K,
                 from [01m[K/opt/ros/humble/include/rclcpp/rclcpp/executors/multi_threaded_executor.hpp:25[m[K,
                 from [01m[K/opt/ros/humble/include/rclcpp/rclcpp/executors.hpp:21[m[K,
                 from [01m[K/opt/ros/humble/include/rclcpp/rclcpp/rclcpp.hpp:155[m[K,
                 from [01m[K/home/hax/world/src/keyboard_teleop.cpp:1[m[K:
[01m[K/home/hax/world/src/keyboard_teleop.cpp:[m[K In member function ‘[01m[Kvoid TeleopKeyboard::print_usage()[m[K’:
[01m[K/home/hax/world/src/keyboard_teleop.cpp:187:41:[m[K [01;35m[Kwarning: [m[Kzero-length gnu_printf format string [[01;35m[K]8;;https://gcc.gnu.org/onlinedocs/gcc/Warning-Options.html#index-Wformat-zero-length-Wformat-zero-length]8;;[m[K]
  187 |         RCLCPP_INFO(this->get_logger(), [01;35m[K""[m[K);
      |                                         [01;35m[K^~[m[K
[01m[K/home/hax/world/src/keyboard_teleop.cpp:203:41:[m[K [01;35m[Kwarning: [m[Kzero-length gnu_printf format string [[01;35m[K]8;;https://gcc.gnu.org/onlinedocs/gcc/Warning-Options.html#index-Wformat-zero-length-Wformat-zero-length]8;;[m[K]
  203 |         RCLCPP_INFO(this->get_logger(), [01;35m[K""[m[K);
      |                                         [01;35m[K^~[m[K
[100%] [32m[1mLinking CXX executable keyboard_teleop[0m
[100%] Built target keyboard_teleop
-- Install configuration: ""
-- Execute custom install script
-- Symlinking: /home/hax/world/install/world/lib/world/odom_publisher
-- Symlinking: /home/hax/world/install/world/lib/world/imu_publisher
-- Symlinking: /home/hax/world/install/world/lib/world/keyboard_teleop
-- Symlinking: /home/hax/world/install/world/share/ament_index/resource_index/package_run_dependencies/world
-- Symlinking: /home/hax/world/install/world/share/ament_index/resource_index/parent_prefix_path/world
-- Symlinking: /home/hax/world/install/world/share/world/environment/ament_prefix_path.sh
-- Symlinking: /home/hax/world/install/world/share/world/environment/ament_prefix_path.dsv
-- Symlinking: /home/hax/world/install/world/share/world/environment/path.sh
-- Symlinking: /home/hax/world/install/world/share/world/environment/path.dsv
-- Symlinking: /home/hax/world/install/world/share/world/local_setup.bash
-- Symlinking: /home/hax/world/install/world/share/world/local_setup.sh
-- Symlinking: /home/hax/world/install/world/share/world/local_setup.zsh
-- Symlinking: /home/hax/world/install/world/share/world/local_setup.dsv
-- Symlinking: /home/hax/world/install/world/share/world/package.dsv
-- Symlinking: /home/hax/world/install/world/share/ament_index/resource_index/packages/world
-- Symlinking: /home/hax/world/install/world/share/world/cmake/worldConfig.cmake
-- Symlinking: /home/hax/world/install/world/share/world/cmake/worldConfig-version.cmake
-- Symlinking: /home/hax/world/install/world/share/world/package.xml
